2026-03-12 17:24:00,607 - middleware.logger - INFO - Method: GET | Path: /docs | Status: 200 | Time: 0.0010s
2026-03-12 17:24:01,589 - middleware.logger - INFO - Method: GET | Path: /openapi.json | Status: 200 | Time: 0.0147s
2026-03-12 17:24:11,463 - middleware.logger - INFO - Method: GET | Path: / | Status: 200 | Time: 0.0000s
2026-03-12 17:24:16,581 - middleware.logger - INFO - Method: GET | Path: / | Status: 200 | Time: 0.0000s
2026-03-12 17:24:17,165 - middleware.logger - INFO - Method: GET | Path: / | Status: 200 | Time: 0.0000s
2026-03-12 17:24:39,334 - middleware.logger - INFO - Method: POST | Path: /api/predict | Status: 200 | Time: 0.1540s
2026-03-12 22:17:37,789 - middleware.logger - INFO - Method: GET | Path: /docs | Status: 200 | Time: 0.0010s
2026-03-12 22:17:38,108 - middleware.logger - INFO - Method: GET | Path: /openapi.json | Status: 200 | Time: 0.0000s
2026-03-12 22:19:18,164 - middleware.logger - INFO - Method: GET | Path: /docs | Status: 200 | Time: 0.0005s
2026-03-12 22:19:18,855 - middleware.logger - INFO - Method: GET | Path: /openapi.json | Status: 200 | Time: 0.0010s
2026-03-12 22:35:29,382 - middleware.logger - INFO - Method: GET | Path: / | Status: 200 | Time: 0.0010s
2026-03-12 22:35:30,129 - middleware.logger - INFO - Method: GET | Path: /favicon.ico | Status: 404 | Time: 0.0000s
2026-03-12 22:35:38,222 - middleware.logger - INFO - Method: GET | Path: /docs | Status: 200 | Time: 0.0010s
2026-03-12 22:35:38,357 - middleware.logger - INFO - Method: GET | Path: /openapi.json | Status: 200 | Time: 0.0077s
2026-03-12 22:38:37,540 - predictor - INFO - File: cat2.jpg | Saved As: d4764b8c-de43-4b9e-8d1f-2e8817738b60.jpg | Class: hawksbill | Confidence: 0.4446 | BBox: [32.4, 20.2, 957.5, 667.0] | Time: 0.0298s
2026-03-12 22:38:37,542 - middleware.logger - INFO - Method: POST | Path: /api/predict | Status: 200 | Time: 0.0323s
2026-03-12 22:42:57,821 - predictor - INFO - File: cat2.jpg | Saved As: c83d3043-7743-4b1e-9b3c-2cfc7550ad3b.jpg | Class: hawksbill | Confidence: 0.4446 | BBox: [32.4, 20.2, 957.5, 667.0] | Time: 0.0216s
2026-03-12 22:42:57,822 - middleware.logger - INFO - Method: POST | Path: /api/predict | Status: 200 | Time: 0.0236s
2026-03-12 22:44:25,006 - predictor - INFO - File: Shetland.pony-05-Castolovice.jpg | Saved As: 8a006589-4d5e-490e-8272-ae07fba2e6a6.jpg | Class: flamingo | Confidence: 0.8490 | BBox: [731.7, 288.8, 2016.9, 1746.8] | Time: 0.0644s
2026-03-12 22:44:25,009 - middleware.logger - INFO - Method: POST | Path: /api/predict | Status: 200 | Time: 0.0765s
2026-03-12 23:53:31,227 - middleware.logger - INFO - Method: POST | Path: /api/predict | Status: 500 | Time: 0.0084s
2026-03-12 23:53:43,581 - middleware.logger - INFO - Method: POST | Path: /api/predict | Status: 500 | Time: 0.0148s
2026-03-12 23:54:10,327 - middleware.logger - INFO - Method: POST | Path: /api/predict | Status: 500 | Time: 0.0072s
2026-03-12 23:54:37,911 - middleware.logger - INFO - Method: POST | Path: /api/predict | Status: 500 | Time: 0.0071s
2026-03-12 23:55:12,994 - predictor - INFO - File: Shetland.pony-05-Castolovice.jpg | Saved As: 6475d3df-efa2-4446-b3ce-29cbc9c71982.jpg | Class: flamingo | Confidence: 0.8490 | BBox: [731.7, 288.8, 2016.9, 1746.8] | Time: 0.0734s
2026-03-12 23:55:12,996 - middleware.logger - INFO - Method: POST | Path: /api/predict | Status: 200 | Time: 0.0856s
2026-03-12 23:55:13,781 - predictor - INFO - File: Shetland.pony-05-Castolovice.jpg | Saved As: 29561b33-8842-492b-93e1-627333e0e632.jpg | Class: flamingo | Confidence: 0.8490 | BBox: [731.7, 288.8, 2016.9, 1746.8] | Time: 0.0617s
2026-03-12 23:55:13,784 - middleware.logger - INFO - Method: POST | Path: /api/predict | Status: 200 | Time: 0.0729s
2026-03-12 23:55:14,564 - predictor - INFO - File: Shetland.pony-05-Castolovice.jpg | Saved As: a6bdfce8-99bb-47af-8139-67607d719b84.jpg | Class: flamingo | Confidence: 0.8490 | BBox: [731.7, 288.8, 2016.9, 1746.8] | Time: 0.0576s
2026-03-12 23:55:14,567 - middleware.logger - INFO - Method: POST | Path: /api/predict | Status: 200 | Time: 0.0671s
2026-03-12 23:55:15,344 - predictor - INFO - File: Shetland.pony-05-Castolovice.jpg | Saved As: 3d96da0b-9b2b-4453-948e-c18cd033ef69.jpg | Class: flamingo | Confidence: 0.8490 | BBox: [731.7, 288.8, 2016.9, 1746.8] | Time: 0.0574s
2026-03-12 23:55:15,347 - middleware.logger - INFO - Method: POST | Path: /api/predict | Status: 200 | Time: 0.0679s
2026-03-12 23:55:16,064 - predictor - INFO - File: Shetland.pony-05-Castolovice.jpg | Saved As: 353af7f4-6d8f-44bd-a630-89d3e7c19279.jpg | Class: flamingo | Confidence: 0.8490 | BBox: [731.7, 288.8, 2016.9, 1746.8] | Time: 0.0608s
2026-03-12 23:55:16,065 - middleware.logger - INFO - Method: POST | Path: /api/predict | Status: 200 | Time: 0.0697s
2026-03-14 07:08:20,868 - predictor - INFO - File: Shetland.pony-05-Castolovice.jpg | Saved As: 9202ee53-ae08-476b-abb9-a0abcb08d4e7.jpg | Class: flamingo | Confidence: 0.8490 | BBox: [731.7, 288.8, 2016.9, 1746.8] | Time: 0.1002s
2026-03-14 07:08:20,872 - middleware.logger - INFO - Method: POST | Path: /api/predict | Status: 200 | Time: 0.1143s
2026-03-14 07:08:57,168 - middleware.logger - INFO - Method: GET | Path: /docs | Status: 200 | Time: 0.0004s
2026-03-14 07:08:57,528 - middleware.logger - INFO - Method: GET | Path: /openapi.json | Status: 200 | Time: 0.0090s
2026-03-14 07:09:04,684 - middleware.logger - INFO - Method: GET | Path: /redoc | Status: 200 | Time: 0.0003s
2026-03-14 07:09:05,061 - middleware.logger - INFO - Method: GET | Path: /openapi.json | Status: 200 | Time: 0.0005s
